c:\users\user\source\repos\windows\dllinjectionsample1\dllinjection\injector\debug\injector.pch.codeanalysis
c:\users\user\source\repos\windows\dllinjectionsample1\dllinjection\injector\debug\vc140.pdb
c:\users\user\source\repos\windows\dllinjectionsample1\dllinjection\injector\debug\vc140.idb
c:\users\user\source\repos\windows\dllinjectionsample1\dllinjection\injector\debug\injector.pch.codeanalysisast
c:\users\user\source\repos\windows\dllinjectionsample1\dllinjection\injector\debug\stdafx.nativecodeanalysis.xml
c:\users\user\source\repos\windows\dllinjectionsample1\dllinjection\injector\debug\stdafx.obj
c:\users\user\source\repos\windows\dllinjectionsample1\dllinjection\injector\debug\injector.nativecodeanalysis.xml
c:\users\user\source\repos\windows\dllinjectionsample1\dllinjection\injector\debug\injector.obj
c:\users\user\source\repos\windows\dllinjectionsample1\dllinjection\debug\injector.ilk
c:\users\user\source\repos\windows\dllinjectionsample1\dllinjection\debug\injector.exe
c:\users\user\source\repos\windows\dllinjectionsample1\dllinjection\debug\injector.pdb
c:\users\user\source\repos\windows\dllinjectionsample1\dllinjection\injector\debug\nativecodeanalysis.read.1.tlog
c:\users\user\source\repos\windows\dllinjectionsample1\dllinjection\injector\debug\vc.nativecodeanalysis.all.xml
c:\users\user\source\repos\windows\dllinjectionsample1\dllinjection\debug\injector.exe.lastcodeanalysissucceeded
c:\users\user\source\repos\windows\dllinjectionsample1\dllinjection\injector\debug\injector.tlog\cl.command.1.tlog
c:\users\user\source\repos\windows\dllinjectionsample1\dllinjection\injector\debug\injector.tlog\cl.read.1.tlog
c:\users\user\source\repos\windows\dllinjectionsample1\dllinjection\injector\debug\injector.tlog\cl.write.1.tlog
c:\users\user\source\repos\windows\dllinjectionsample1\dllinjection\injector\debug\injector.tlog\link.command.1.tlog
c:\users\user\source\repos\windows\dllinjectionsample1\dllinjection\injector\debug\injector.tlog\link.read.1.tlog
c:\users\user\source\repos\windows\dllinjectionsample1\dllinjection\injector\debug\injector.tlog\link.write.1.tlog
